#-----------------------------------------------------------
# Vivado v2018.2.1 (64-bit)
# SW Build 2288692 on Thu Jul 26 18:24:02 MDT 2018
# IP Build 2289599 on Thu Jul 26 21:09:20 MDT 2018
# Start of session at: Mon Dec  3 09:58:01 2018
# Process ID: 1500
# Current directory: Y:/
# Command line: vivado.exe -gui_launcher_event rodinguilauncherevent6756 Y:\Final_Project.xpr
# Log file: Y:/vivado.log
# Journal file: Y:/vivado.jou
#-----------------------------------------------------------
start_gui
open_project Y:/Final_Project.xpr
Scanning sources...
Finished scanning sources
INFO: [IP_Flow 19-234] Refreshing IP repositories
INFO: [IP_Flow 19-1704] No user IP repositories specified
INFO: [IP_Flow 19-2313] Loaded Vivado IP repository 'C:/Xilinx/Vivado/2018.2/data/ip'.
open_project: Time (s): cpu = 00:00:16 ; elapsed = 00:00:07 . Memory (MB): peak = 919.496 ; gain = 183.676
update_compile_order -fileset sources_1
WARNING: [Common 17-9] Error reading message records.
WARNING: [Common 17-9] Error reading message records.
WARNING: [Common 17-9] Error reading message records.
exit
INFO: [Common 17-206] Exiting Vivado at Mon Dec  3 10:35:45 2018...
ched synth_1...
Run output will be captured here: Y:/Final_Project.runs/synth_1/runme.log
[Mon Dec  3 09:59:49 2018] Launched impl_1...
Run output will be captured here: Y:/Final_Project.runs/impl_1/runme.log
reset_run synth_1
WARNING: [Vivado 12-1017] Problems encountered:
1. Failed to delete one or more files in run directory Y:/Final_Project.runs/synth_1

launch_runs impl_1 -to_step write_bitstream -jobs 8
[Mon Dec  3 10:16:27 2018] Launched synth_1...
Run output will be captured here: Y:/Final_Project.runs/synth_1/runme.log
[Mon Dec  3 10:16:27 2018] Launched impl_1...
Run output will be captured here: Y:/Final_Project.runs/impl_1/runme.log
reset_run synth_1
WARNING: [Vivado 12-1017] Problems encountered:
1. Failed to delete one or more files in run directory Y:/Final_Project.runs/synth_1

launch_runs impl_1 -to_step write_bitstream -jobs 8
[Mon Dec  3 10:21:09 2018] Launched synth_1...
Run output will be captured here: Y:/Final_Project.runs/synth_1/runme.log
[Mon Dec  3 10:21:09 2018] Launched impl_1...
Run output will be captured here: Y:/Final_Project.runs/impl_1/runme.log
exit
INFO: [Common 17-206] Exiting Vivado at Mon Dec  3 10:35:39 2018...
