#-----------------------------------------------------------
# Vivado v2018.2.1 (64-bit)
# SW Build 2288692 on Thu Jul 26 18:24:02 MDT 2018
# IP Build 2289599 on Thu Jul 26 21:09:20 MDT 2018
# Start of session at: Sat Dec  1 09:45:24 2018
# Process ID: 9740
# Current directory: Y:/
# Command line: vivado.exe -gui_launcher_event rodinguilauncherevent6220 Y:\Final_Project.xpr
# Log file: Y:/vivado.log
# Journal file: Y:/vivado.jou
#-----------------------------------------------------------
start_gui
open_project Y:/Final_Project.xpr
Scanning sources...
Finished scanning sources
INFO: [IP_Flow 19-234] Refreshing IP repositories
INFO: [IP_Flow 19-1704] No user IP repositories specified
INFO: [IP_Flow 19-2313] Loaded Vivado IP repository 'C:/Xilinx/Vivado/2018.2/data/ip'.
update_compile_order -fileset sources_1
exit
INFO: [Common 17-206] Exiting Vivado at Sat Dec  1 09:50:43 2018...
ompile_order -fileset sources_1
launch_runs impl_1 -to_step write_bitstream -jobs 8
[Sat Dec  1 09:51:16 2018] Launched synth_1...
Run output will be captured here: Y:/Final_Project.runs/synth_1/runme.log
[Sat Dec  1 09:51:16 2018] Launched impl_1...
Run output will be captured here: Y:/Final_Project.runs/impl_1/runme.log
exit
INFO: [Common 17-206] Exiting Vivado at Sat Dec  1 11:37:39 2018...
